make: Nothing to be done for `all'.
starting proc_socket:2000
server_plugin manager waiting for something to do
Trying to start plugin:irc_plugin
Trying to start plugin:test_plugin
Trying to start plugin:server_plugin
Trying to start plugin:file_plugin
server_plugin manager waiting for something to do
irc_plugin manager waiting for something to do
server_plugin manager waiting for something to do
test_plugin manager waiting for something to do
server_plugin manager waiting for something to do
server_plugin manager waiting for something to do
server_plugin manager waiting for something to do
file_plugin manager waiting for something to do

BREAK: (a)bort (c)ontinue (p)roc info (i)nfo (l)oaded
       (v)ersion (k)ill (D)b-tables (d)istribution
make: Nothing to be done for `all'.
starting proc_socket:2000
server_plugin manager waiting for something to do
Trying to start plugin:irc_plugin
Trying to start plugin:test_plugin
Trying to start plugin:server_plugin
Trying to start plugin:file_plugin
server_plugin manager waiting for something to do
irc_plugin manager waiting for something to do
server_plugin manager waiting for something to do
test_plugin manager waiting for something to do
server_plugin manager waiting for something to do
server_plugin manager waiting for something to do
server_plugin manager waiting for something to do
file_plugin manager waiting for something to do
server sending hello
server_plugin manager waiting for something to do
returniung accept irc_plugin
irc_plugin manager waiting for something to do
Swop contract to:irc_plugin
irc_plugin manager waiting for something to do
irc_plugin manager waiting for something to do
irc_plugin manager waiting for something to do
irc_plugin manager waiting for something to do
server sending hello
server_plugin manager waiting for something to do
returniung accept irc_plugin
irc_plugin manager waiting for something to do
Swop contract to:irc_plugin
irc_plugin manager waiting for something to do
irc_plugin manager waiting for something to do
irc_plugin manager waiting for something to do
irc_plugin manager waiting for something to do
irc_plugin manager waiting for something to do
irc_plugin manager waiting for something to do
irc_plugin manager waiting for something to do
irc_plugin manager waiting for something to do
irc_plugin manager waiting for something to do
irc_plugin manager waiting for something to do
irc_plugin manager waiting for something to do
irc_plugin manager waiting for something to do
irc_plugin manager waiting for something to do
irc_plugin manager waiting for something to do
irc_plugin manager waiting for something to do
irc_plugin manager waiting for something to do
irc_plugin manager waiting for something to do
irc_plugin manager waiting for something to do
irc_plugin manager waiting for something to do
irc_plugin manager waiting for something to do
irc_plugin manager waiting for something to do
irc_plugin manager waiting for something to do
irc_plugin manager waiting for something to do
irc_plugin manager waiting for something to do
irc_plugin manager waiting for something to do
irc_plugin manager waiting for something to do
irc_plugin manager waiting for something to do
irc_plugin manager waiting for something to do
irc_plugin manager waiting for something to do
irc_plugin manager waiting for something to do
irc_plugin manager waiting for something to do
irc_plugin manager waiting for something to do
irc_plugin manager waiting for something to do
irc_plugin manager waiting for something to do
irc_plugin manager waiting for something to do
irc_plugin manager waiting for something to do
irc_plugin manager waiting for something to do
server sending hello
Child failure:{function_clause,[{dict,fetch_val,[255,[]]},
                                {ubf,decode,3},
                                {ubf_driver,loop,3},
                                {proc_socket_server,start_child,3}]}
**** OOOPYikes ...{'EXIT',<0.37.0>,normal} (Client=<0.38.0>)
Handler caught child_has_died:<0.39.0>
plug in error:{undef,[{server_plugin,client_stop,
                                     [<0.39.0>,
                                      normal,
                                      {dict,
                                          4,
                                          16,
                                          16,
                                          8,
                                          80,
                                          48,
                                          {[],
                                           [],
                                           [],
                                           [],
                                           [],
                                           [],
                                           [],
                                           [],
                                           [],
                                           [],
                                           [],
                                           [],
                                           [],
                                           [],
                                           [],
                                           []},
                                          {{[],
                                            [],
                                            [],
                                            [],
                                            [],
                                            [["file_server"|<0.31.0>]],
                                            [],
                                            [],
                                            [["meta_server"|<0.30.0>]],
                                            [],
                                            [],
                                            [],
                                            [],
                                            [["irc"|<0.28.0>]],
                                            [],
                                            [["test"|<0.29.0>]]}}}]},
                      {plugin_handler,manager_loop,2}]}
server_plugin manager waiting for something to do
irc_plugin manager waiting for something to do
irc_plugin manager waiting for something to do
irc_plugin manager waiting for something to do
irc_plugin manager waiting for something to do
irc_plugin manager waiting for something to do
irc_plugin manager waiting for something to do
irc_plugin manager waiting for something to do
server sending hello
server_plugin manager waiting for something to do
returniung accept file_plugin
file_plugin manager waiting for something to do
Swop contract to:file_plugin
irc_plugin manager waiting for something to do
irc_plugin manager waiting for something to do
** Client broke contract file_plugin in State:start send:{startService,
                                                             {'#S',
                                                                 "file_server"},
                                                             []}
**** OOOPYikes ...{'EXIT',<0.40.0>,fatal} (Client=<0.41.0>)
server sending hello
*****PM******Wow:{<0.43.0>,{rpcReply,{ok,yesOffWeGo},start}} (Client=<0.43.0>)
**** OOOPYikes ...{'EXIT',<0.43.0>,die} (Client=<0.44.0>)
irc_plugin manager waiting for something to do
server sending hello
irc_plugin manager waiting for something to do
irc_plugin manager waiting for something to do
Child failure:{function_clause,[{dict,fetch_val,[255,[]]},
                                {ubf,decode,3},
                                {ubf_driver,loop,3},
                                {proc_socket_server,start_child,3}]}
**** OOOPYikes ...{'EXIT',<0.46.0>,normal} (Client=<0.47.0>)
Handler caught child_has_died:<0.48.0>
plug in error:{undef,[{server_plugin,client_stop,
                                     [<0.48.0>,
                                      normal,
                                      {dict,
                                          4,
                                          16,
                                          16,
                                          8,
                                          80,
                                          48,
                                          {[],
                                           [],
                                           [],
                                           [],
                                           [],
                                           [],
                                           [],
                                           [],
                                           [],
                                           [],
                                           [],
                                           [],
                                           [],
                                           [],
                                           [],
                                           []},
                                          {{[],
                                            [],
                                            [],
                                            [],
                                            [],
                                            [["file_server"|<0.31.0>]],
                                            [],
                                            [],
                                            [["meta_server"|<0.30.0>]],
                                            [],
                                            [],
                                            [],
                                            [],
                                            [["irc"|<0.28.0>]],
                                            [],
                                            [["test"|<0.29.0>]]}}}]},
                      {plugin_handler,manager_loop,2}]}
server_plugin manager waiting for something to do
server sending hello
irc_plugin manager waiting for something to do
irc_plugin manager waiting for something to do
server sending hello
*****PM******Wow:{<0.52.0>,{rpcReply,{ok,yesOffWeGo},start}} (Client=<0.52.0>)
**** OOOPYikes ...{'EXIT',<0.52.0>,die} (Client=<0.53.0>)
server sending hello
irc_plugin manager waiting for something to do
server_plugin manager waiting for something to do
returniung accept file_plugin
file_plugin manager waiting for something to do
Swop contract to:file_plugin
irc_plugin manager waiting for something to do
irc_plugin manager waiting for something to do
irc_plugin manager waiting for something to do
irc_plugin manager waiting for something to do
irc_plugin manager waiting for something to do
irc_plugin manager waiting for something to do
irc_plugin manager waiting for something to do
irc_plugin manager waiting for something to do
irc_plugin manager waiting for something to do
irc_plugin manager waiting for something to do
irc_plugin manager waiting for something to do
**** OOOPYikes ...{'EXIT',<0.32.0>,normal} (Client=<0.35.0>)
Handler caught child_has_died:<0.36.0>
Client stopped:<0.36.0> normal
Pid has nick"luke" is in groups[]
irc_plugin manager waiting for something to do
irc_plugin manager waiting for something to do
irc_plugin manager waiting for something to do
Child failure:{function_clause,[{dict,fetch_val,[255,[]]},
                                {ubf,decode,3},
                                {ubf_driver,loop,3},
                                {proc_socket_server,start_child,3}]}
**** OOOPYikes ...{'EXIT',<0.55.0>,normal} (Client=<0.56.0>)
Handler caught child_has_died:<0.57.0>
Client stopped:<0.57.0> normal
file_plugin manager waiting for something to do
irc_plugin manager waiting for something to do
irc_plugin manager waiting for something to do
irc_plugin manager waiting for something to do
server sending hello
server_plugin manager waiting for something to do
returniung accept irc_plugin
irc_plugin manager waiting for something to do
Swop contract to:irc_plugin
irc_plugin manager waiting for something to do
irc_plugin manager waiting for something to do
irc_plugin manager waiting for something to do
irc_plugin manager waiting for something to do
irc_plugin manager waiting for something to do
irc_plugin manager waiting for something to do
irc_plugin manager waiting for something to do
irc_plugin manager waiting for something to do
irc_plugin manager waiting for something to do
irc_plugin manager waiting for something to do
irc_plugin manager waiting for something to do
irc_plugin manager waiting for something to do
irc_plugin manager waiting for something to do
irc_plugin manager waiting for something to do
irc_plugin manager waiting for something to do
irc_plugin manager waiting for something to do
irc_plugin manager waiting for something to do
irc_plugin manager waiting for something to do
irc_plugin manager waiting for something to do
irc_plugin manager waiting for something to do
irc_plugin manager waiting for something to do
irc_plugin manager waiting for something to do
irc_plugin manager waiting for something to do
irc_plugin manager waiting for something to do
irc_plugin manager waiting for something to do
**** OOOPYikes ...{'EXIT',<0.27.0>,normal} (Client=<0.33.0>)
Handler caught child_has_died:<0.34.0>
Client stopped:<0.34.0> normal
Pid has nick"Jaguar" is in groups["erlang"]
irc_plugin manager waiting for something to do
**** OOOPYikes ...{'EXIT',<0.49.0>,normal} (Client=<0.50.0>)
Handler caught child_has_died:<0.51.0>
plug in error:{undef,[{server_plugin,client_stop,
                                     [<0.51.0>,
                                      normal,
                                      {dict,
                                          4,
                                          16,
                                          16,
                                          8,
                                          80,
                                          48,
                                          {[],
                                           [],
                                           [],
                                           [],
                                           [],
                                           [],
                                           [],
                                           [],
                                           [],
                                           [],
                                           [],
                                           [],
                                           [],
                                           [],
                                           [],
                                           []},
                                          {{[],
                                            [],
                                            [],
                                            [],
                                            [],
                                            [["file_server"|<0.31.0>]],
                                            [],
                                            [],
                                            [["meta_server"|<0.30.0>]],
                                            [],
                                            [],
                                            [],
                                            [],
                                            [["irc"|<0.28.0>]],
                                            [],
                                            [["test"|<0.29.0>]]}}}]},
                      {plugin_handler,manager_loop,2}]}
server_plugin manager waiting for something to do
**** OOOPYikes ...{'EXIT',<0.58.0>,normal} (Client=<0.59.0>)
Handler caught child_has_died:<0.60.0>
Client stopped:<0.60.0> normal
Pid has nick"Rover" is in groups["dogs","erlang"]
irc_plugin manager waiting for something to do
server sending hello
Child failure:{function_clause,[{dict,fetch_val,[16,[]]},
                                {ubf,decode,3},
                                {ubf_driver,loop,3},
                                {proc_socket_server,start_child,3}]}
**** OOOPYikes ...{'EXIT',<0.61.0>,normal} (Client=<0.62.0>)
Handler caught child_has_died:<0.63.0>
plug in error:{undef,[{server_plugin,client_stop,
                                     [<0.63.0>,
                                      normal,
                                      {dict,
                                          4,
                                          16,
                                          16,
                                          8,
                                          80,
                                          48,
                                          {[],
                                           [],
                                           [],
                                           [],
                                           [],
                                           [],
                                           [],
                                           [],
                                           [],
                                           [],
                                           [],
                                           [],
                                           [],
                                           [],
                                           [],
                                           []},
                                          {{[],
                                            [],
                                            [],
                                            [],
                                            [],
                                            [["file_server"|<0.31.0>]],
                                            [],
                                            [],
                                            [["meta_server"|<0.30.0>]],
                                            [],
                                            [],
                                            [],
                                            [],
                                            [["irc"|<0.28.0>]],
                                            [],
                                            [["test"|<0.29.0>]]}}}]},
                      {plugin_handler,manager_loop,2}]}
server_plugin manager waiting for something to do
server sending hello
Child failure:{function_clause,[{dict,fetch_val,[16,[]]},
                                {ubf,decode,3},
                                {ubf_driver,loop,3},
                                {proc_socket_server,start_child,3}]}
**** OOOPYikes ...{'EXIT',<0.64.0>,normal} (Client=<0.65.0>)
Handler caught child_has_died:<0.66.0>
plug in error:{undef,[{server_plugin,client_stop,
                                     [<0.66.0>,
                                      normal,
                                      {dict,
                                          4,
                                          16,
                                          16,
                                          8,
                                          80,
                                          48,
                                          {[],
                                           [],
                                           [],
                                           [],
                                           [],
                                           [],
                                           [],
                                           [],
                                           [],
                                           [],
                                           [],
                                           [],
                                           [],
                                           [],
                                           [],
                                           []},
                                          {{[],
                                            [],
                                            [],
                                            [],
                                            [],
                                            [["file_server"|<0.31.0>]],
                                            [],
                                            [],
                                            [["meta_server"|<0.30.0>]],
                                            [],
                                            [],
                                            [],
                                            [],
                                            [["irc"|<0.28.0>]],
                                            [],
                                            [["test"|<0.29.0>]]}}}]},
                      {plugin_handler,manager_loop,2}]}
server_plugin manager waiting for something to do
server sending hello
Child failure:{function_clause,[{dict,fetch_val,[16,[]]},
                                {ubf,decode,3},
                                {ubf_driver,loop,3},
                                {proc_socket_server,start_child,3}]}
**** OOOPYikes ...{'EXIT',<0.67.0>,normal} (Client=<0.68.0>)
Handler caught child_has_died:<0.69.0>
plug in error:{undef,[{server_plugin,client_stop,
                                     [<0.69.0>,
                                      normal,
                                      {dict,
                                          4,
                                          16,
                                          16,
                                          8,
                                          80,
                                          48,
                                          {[],
                                           [],
                                           [],
                                           [],
                                           [],
                                           [],
                                           [],
                                           [],
                                           [],
                                           [],
                                           [],
                                           [],
                                           [],
                                           [],
                                           [],
                                           []},
                                          {{[],
                                            [],
                                            [],
                                            [],
                                            [],
                                            [["file_server"|<0.31.0>]],
                                            [],
                                            [],
                                            [["meta_server"|<0.30.0>]],
                                            [],
                                            [],
                                            [],
                                            [],
                                            [["irc"|<0.28.0>]],
                                            [],
                                            [["test"|<0.29.0>]]}}}]},
                      {plugin_handler,manager_loop,2}]}
server_plugin manager waiting for something to do
server sending hello
Child failure:{function_clause,[{dict,fetch_val,[16,[]]},
                                {ubf,decode,3},
                                {ubf_driver,loop,3},
                                {proc_socket_server,start_child,3}]}
**** OOOPYikes ...{'EXIT',<0.70.0>,normal} (Client=<0.71.0>)
Handler caught child_has_died:<0.72.0>
plug in error:{undef,[{server_plugin,client_stop,
                                     [<0.72.0>,
                                      normal,
                                      {dict,
                                          4,
                                          16,
                                          16,
                                          8,
                                          80,
                                          48,
                                          {[],
                                           [],
                                           [],
                                           [],
                                           [],
                                           [],
                                           [],
                                           [],
                                           [],
                                           [],
                                           [],
                                           [],
                                           [],
                                           [],
                                           [],
                                           []},
                                          {{[],
                                            [],
                                            [],
                                            [],
                                            [],
                                            [["file_server"|<0.31.0>]],
                                            [],
                                            [],
                                            [["meta_server"|<0.30.0>]],
                                            [],
                                            [],
                                            [],
                                            [],
                                            [["irc"|<0.28.0>]],
                                            [],
                                            [["test"|<0.29.0>]]}}}]},
                      {plugin_handler,manager_loop,2}]}
server_plugin manager waiting for something to do
server sending hello
Child failure:{function_clause,[{dict,fetch_val,[255,[]]},
                                {ubf,decode,3},
                                {ubf_driver,loop,3},
                                {proc_socket_server,start_child,3}]}
**** OOOPYikes ...{'EXIT',<0.73.0>,normal} (Client=<0.74.0>)
Handler caught child_has_died:<0.75.0>
plug in error:{undef,[{server_plugin,client_stop,
                                     [<0.75.0>,
                                      normal,
                                      {dict,
                                          4,
                                          16,
                                          16,
                                          8,
                                          80,
                                          48,
                                          {[],
                                           [],
                                           [],
                                           [],
                                           [],
                                           [],
                                           [],
                                           [],
                                           [],
                                           [],
                                           [],
                                           [],
                                           [],
                                           [],
                                           [],
                                           []},
                                          {{[],
                                            [],
                                            [],
                                            [],
                                            [],
                                            [["file_server"|<0.31.0>]],
                                            [],
                                            [],
                                            [["meta_server"|<0.30.0>]],
                                            [],
                                            [],
                                            [],
                                            [],
                                            [["irc"|<0.28.0>]],
                                            [],
                                            [["test"|<0.29.0>]]}}}]},
                      {plugin_handler,manager_loop,2}]}
server_plugin manager waiting for something to do
./irc_server: line 3: 30514 Killed                  erl -noshell -s test ss
